  stdafx.cpp
E:\repos\vss\vShadow\inc\ws03\strsafe.h(5595,16): warning C4996: '_vsnprintf': This function or variable may be unsafe. Consider using _vsnprintf_s instead. To disable deprecation, use _CRT_SECURE_NO_WARNINGS. See online help for details.
E:\repos\vss\vShadow\inc\ws03\strsafe.h(5635,16): warning C4996: '_vsnwprintf': This function or variable may be unsafe. Consider using _vsnwprintf_s instead. To disable deprecation, use _CRT_SECURE_NO_WARNINGS. See online help for details.
E:\repos\vss\vShadow\inc\ws03\strsafe.h(5719,24): warning C4996: '_vsnprintf': This function or variable may be unsafe. Consider using _vsnprintf_s instead. To disable deprecation, use _CRT_SECURE_NO_WARNINGS. See online help for details.
E:\repos\vss\vShadow\inc\ws03\strsafe.h(5871,24): warning C4996: '_vsnwprintf': This function or variable may be unsafe. Consider using _vsnwprintf_s instead. To disable deprecation, use _CRT_SECURE_NO_WARNINGS. See online help for details.
  vShadow.cpp
E:\repos\vss\vShadow\inc\ws03\vswriter.h(39,3): warning C4091: 'typedef ': ignored on left of 'VSS_USAGE_TYPE' when no variable is declared
E:\repos\vss\vShadow\inc\ws03\vswriter.h(47,3): warning C4091: 'typedef ': ignored on left of 'VSS_SOURCE_TYPE' when no variable is declared
E:\repos\vss\vShadow\inc\ws03\vswriter.h(59,3): warning C4091: 'typedef ': ignored on left of 'VSS_RESTOREMETHOD_ENUM' when no variable is declared
E:\repos\vss\vShadow\inc\ws03\vswriter.h(67,3): warning C4091: 'typedef ': ignored on left of 'VSS_WRITERRESTORE_ENUM' when no variable is declared
E:\repos\vss\vShadow\inc\ws03\vswriter.h(75,3): warning C4091: 'typedef ': ignored on left of 'VSS_COMPONENT_TYPE' when no variable is declared
E:\repos\vss\vShadow\inc\ws03\vswriter.h(83,6): warning C4091: 'typedef ': ignored on left of 'VSS_ALTERNATE_WRITER_STATE' when no variable is declared
E:\repos\vss\vShadow\inc\ws03\vswriter.h(93,6): warning C4091: 'typedef ': ignored on left of 'VSS_SUBSCRIBE_MASK' when no variable is declared
E:\repos\vss\vShadow\inc\ws03\vswriter.h(103,3): warning C4091: 'typedef ': ignored on left of 'VSS_RESTORE_TARGET' when no variable is declared
E:\repos\vss\vShadow\inc\ws03\vswriter.h(112,3): warning C4091: 'typedef ': ignored on left of 'VSS_FILE_RESTORE_STATUS' when no variable is declared
E:\repos\vss\vShadow\inc\ws03\vswriter.h(119,3): warning C4091: 'typedef ': ignored on left of 'VSS_COMPONENT_FLAGS' when no variable is declared
  VssComponent.cpp
E:\repos\vss\vShadow\inc\ws03\vswriter.h(39,3): warning C4091: 'typedef ': ignored on left of 'VSS_USAGE_TYPE' when no variable is declared
E:\repos\vss\vShadow\inc\ws03\vswriter.h(47,3): warning C4091: 'typedef ': ignored on left of 'VSS_SOURCE_TYPE' when no variable is declared
E:\repos\vss\vShadow\inc\ws03\vswriter.h(59,3): warning C4091: 'typedef ': ignored on left of 'VSS_RESTOREMETHOD_ENUM' when no variable is declared
E:\repos\vss\vShadow\inc\ws03\vswriter.h(67,3): warning C4091: 'typedef ': ignored on left of 'VSS_WRITERRESTORE_ENUM' when no variable is declared
E:\repos\vss\vShadow\inc\ws03\vswriter.h(75,3): warning C4091: 'typedef ': ignored on left of 'VSS_COMPONENT_TYPE' when no variable is declared
E:\repos\vss\vShadow\inc\ws03\vswriter.h(83,6): warning C4091: 'typedef ': ignored on left of 'VSS_ALTERNATE_WRITER_STATE' when no variable is declared
E:\repos\vss\vShadow\inc\ws03\vswriter.h(93,6): warning C4091: 'typedef ': ignored on left of 'VSS_SUBSCRIBE_MASK' when no variable is declared
E:\repos\vss\vShadow\inc\ws03\vswriter.h(103,3): warning C4091: 'typedef ': ignored on left of 'VSS_RESTORE_TARGET' when no variable is declared
E:\repos\vss\vShadow\inc\ws03\vswriter.h(112,3): warning C4091: 'typedef ': ignored on left of 'VSS_FILE_RESTORE_STATUS' when no variable is declared
E:\repos\vss\vShadow\inc\ws03\vswriter.h(119,3): warning C4091: 'typedef ': ignored on left of 'VSS_COMPONENT_FLAGS' when no variable is declared
  VssFileDescriptor.cpp
E:\repos\vss\vShadow\inc\ws03\vswriter.h(39,3): warning C4091: 'typedef ': ignored on left of 'VSS_USAGE_TYPE' when no variable is declared
E:\repos\vss\vShadow\inc\ws03\vswriter.h(47,3): warning C4091: 'typedef ': ignored on left of 'VSS_SOURCE_TYPE' when no variable is declared
E:\repos\vss\vShadow\inc\ws03\vswriter.h(59,3): warning C4091: 'typedef ': ignored on left of 'VSS_RESTOREMETHOD_ENUM' when no variable is declared
E:\repos\vss\vShadow\inc\ws03\vswriter.h(67,3): warning C4091: 'typedef ': ignored on left of 'VSS_WRITERRESTORE_ENUM' when no variable is declared
E:\repos\vss\vShadow\inc\ws03\vswriter.h(75,3): warning C4091: 'typedef ': ignored on left of 'VSS_COMPONENT_TYPE' when no variable is declared
E:\repos\vss\vShadow\inc\ws03\vswriter.h(83,6): warning C4091: 'typedef ': ignored on left of 'VSS_ALTERNATE_WRITER_STATE' when no variable is declared
E:\repos\vss\vShadow\inc\ws03\vswriter.h(93,6): warning C4091: 'typedef ': ignored on left of 'VSS_SUBSCRIBE_MASK' when no variable is declared
E:\repos\vss\vShadow\inc\ws03\vswriter.h(103,3): warning C4091: 'typedef ': ignored on left of 'VSS_RESTORE_TARGET' when no variable is declared
E:\repos\vss\vShadow\inc\ws03\vswriter.h(112,3): warning C4091: 'typedef ': ignored on left of 'VSS_FILE_RESTORE_STATUS' when no variable is declared
E:\repos\vss\vShadow\inc\ws03\vswriter.h(119,3): warning C4091: 'typedef ': ignored on left of 'VSS_COMPONENT_FLAGS' when no variable is declared
  VssSelect.cpp
E:\repos\vss\vShadow\inc\ws03\vswriter.h(39,3): warning C4091: 'typedef ': ignored on left of 'VSS_USAGE_TYPE' when no variable is declared
E:\repos\vss\vShadow\inc\ws03\vswriter.h(47,3): warning C4091: 'typedef ': ignored on left of 'VSS_SOURCE_TYPE' when no variable is declared
E:\repos\vss\vShadow\inc\ws03\vswriter.h(59,3): warning C4091: 'typedef ': ignored on left of 'VSS_RESTOREMETHOD_ENUM' when no variable is declared
E:\repos\vss\vShadow\inc\ws03\vswriter.h(67,3): warning C4091: 'typedef ': ignored on left of 'VSS_WRITERRESTORE_ENUM' when no variable is declared
E:\repos\vss\vShadow\inc\ws03\vswriter.h(75,3): warning C4091: 'typedef ': ignored on left of 'VSS_COMPONENT_TYPE' when no variable is declared
E:\repos\vss\vShadow\inc\ws03\vswriter.h(83,6): warning C4091: 'typedef ': ignored on left of 'VSS_ALTERNATE_WRITER_STATE' when no variable is declared
E:\repos\vss\vShadow\inc\ws03\vswriter.h(93,6): warning C4091: 'typedef ': ignored on left of 'VSS_SUBSCRIBE_MASK' when no variable is declared
E:\repos\vss\vShadow\inc\ws03\vswriter.h(103,3): warning C4091: 'typedef ': ignored on left of 'VSS_RESTORE_TARGET' when no variable is declared
E:\repos\vss\vShadow\inc\ws03\vswriter.h(112,3): warning C4091: 'typedef ': ignored on left of 'VSS_FILE_RESTORE_STATUS' when no variable is declared
E:\repos\vss\vShadow\inc\ws03\vswriter.h(119,3): warning C4091: 'typedef ': ignored on left of 'VSS_COMPONENT_FLAGS' when no variable is declared
  VssWriter.cpp
E:\repos\vss\vShadow\inc\ws03\vswriter.h(39,3): warning C4091: 'typedef ': ignored on left of 'VSS_USAGE_TYPE' when no variable is declared
E:\repos\vss\vShadow\inc\ws03\vswriter.h(47,3): warning C4091: 'typedef ': ignored on left of 'VSS_SOURCE_TYPE' when no variable is declared
E:\repos\vss\vShadow\inc\ws03\vswriter.h(59,3): warning C4091: 'typedef ': ignored on left of 'VSS_RESTOREMETHOD_ENUM' when no variable is declared
E:\repos\vss\vShadow\inc\ws03\vswriter.h(67,3): warning C4091: 'typedef ': ignored on left of 'VSS_WRITERRESTORE_ENUM' when no variable is declared
E:\repos\vss\vShadow\inc\ws03\vswriter.h(75,3): warning C4091: 'typedef ': ignored on left of 'VSS_COMPONENT_TYPE' when no variable is declared
E:\repos\vss\vShadow\inc\ws03\vswriter.h(83,6): warning C4091: 'typedef ': ignored on left of 'VSS_ALTERNATE_WRITER_STATE' when no variable is declared
E:\repos\vss\vShadow\inc\ws03\vswriter.h(93,6): warning C4091: 'typedef ': ignored on left of 'VSS_SUBSCRIBE_MASK' when no variable is declared
E:\repos\vss\vShadow\inc\ws03\vswriter.h(103,3): warning C4091: 'typedef ': ignored on left of 'VSS_RESTORE_TARGET' when no variable is declared
E:\repos\vss\vShadow\inc\ws03\vswriter.h(112,3): warning C4091: 'typedef ': ignored on left of 'VSS_FILE_RESTORE_STATUS' when no variable is declared
E:\repos\vss\vShadow\inc\ws03\vswriter.h(119,3): warning C4091: 'typedef ': ignored on left of 'VSS_COMPONENT_FLAGS' when no variable is declared
  Wrapper.cpp
E:\repos\vss\vShadow\inc\ws03\vswriter.h(39,3): warning C4091: 'typedef ': ignored on left of 'VSS_USAGE_TYPE' when no variable is declared
E:\repos\vss\vShadow\inc\ws03\vswriter.h(47,3): warning C4091: 'typedef ': ignored on left of 'VSS_SOURCE_TYPE' when no variable is declared
E:\repos\vss\vShadow\inc\ws03\vswriter.h(59,3): warning C4091: 'typedef ': ignored on left of 'VSS_RESTOREMETHOD_ENUM' when no variable is declared
E:\repos\vss\vShadow\inc\ws03\vswriter.h(67,3): warning C4091: 'typedef ': ignored on left of 'VSS_WRITERRESTORE_ENUM' when no variable is declared
E:\repos\vss\vShadow\inc\ws03\vswriter.h(75,3): warning C4091: 'typedef ': ignored on left of 'VSS_COMPONENT_TYPE' when no variable is declared
E:\repos\vss\vShadow\inc\ws03\vswriter.h(83,6): warning C4091: 'typedef ': ignored on left of 'VSS_ALTERNATE_WRITER_STATE' when no variable is declared
E:\repos\vss\vShadow\inc\ws03\vswriter.h(93,6): warning C4091: 'typedef ': ignored on left of 'VSS_SUBSCRIBE_MASK' when no variable is declared
E:\repos\vss\vShadow\inc\ws03\vswriter.h(103,3): warning C4091: 'typedef ': ignored on left of 'VSS_RESTORE_TARGET' when no variable is declared
E:\repos\vss\vShadow\inc\ws03\vswriter.h(112,3): warning C4091: 'typedef ': ignored on left of 'VSS_FILE_RESTORE_STATUS' when no variable is declared
E:\repos\vss\vShadow\inc\ws03\vswriter.h(119,3): warning C4091: 'typedef ': ignored on left of 'VSS_COMPONENT_FLAGS' when no variable is declared
     Creating library E:\repos\vss\vShadow\\output\vShadow-xp64.lib and object E:\repos\vss\vShadow\\output\vShadow-xp64.exp
vShadow-xp64.exp : warning LNK4070: /OUT:VShadow.dll directive in .EXP differs from output filename 'E:\repos\vss\vShadow\\output\vShadow-xp64.dll'; ignoring directive
  Generating code
  Previous IPDB not found, fall back to full compilation.
  All 212 functions were compiled because no usable IPDB/IOBJ from previous compilation was found.
  Finished generating code
vShadow-xp64.exp : warning LNK4070: /OUT:VShadow.dll directive in .EXP differs from output filename 'E:\repos\vss\vShadow\\output\vShadow-xp64.dll'; ignoring directive
  vShadow-xp64.vcxproj -> E:\repos\vss\vShadow\output\vShadow-xp64.dll
